10:32:08  [main] 	Initializing Control Panel
10:32:09  [main] 	Windows Version:  Home  64-bit
10:32:09  [main] 	XAMPP Version: 5.6.21
10:32:09  [main] 	Control Panel Version: 3.2.2  [ Compiled: Nov 12th 2015 ]
10:32:09  [main] 	You are not running with administrator rights! This will work for
10:32:09  [main] 	most application stuff but whenever you do something with services
10:32:09  [main] 	there will be a security dialogue or things will break! So think 
10:32:09  [main] 	about running this application with administrator rights!
10:32:09  [main] 	XAMPP Installation Directory: "d:\xampp\"
10:32:09  [main] 	Checking for prerequisites
10:32:36  [main] 	All prerequisites found
10:32:36  [main] 	Initializing Modules
10:32:36  [main] 	Starting Check-Timer
10:32:36  [main] 	Control Panel Ready
10:36:09  [Apache] 	Attempting to start Apache app...
10:36:10  [Apache] 	Status change detected: running
10:36:21  [main] 	Executing "d:\xampp\apache"
10:37:17  [mysql] 	Attempting to start MySQL app...
10:37:17  [mysql] 	Status change detected: running
10:48:57  [filezilla] 	Attempting to start FileZilla app...
10:48:58  [filezilla] 	Status change detected: running
10:50:07  [filezilla] 	Attempting to stop FileZilla app...
10:50:07  [filezilla] 	Status change detected: stopped
10:58:11  [mercury] 	Attempting to start Mercury app...
10:58:11  [mercury] 	Status change detected: running
10:58:30  [mercury] 	Status change detected: stopped
10:58:30  [mercury] 	Error: Mercury shutdown unexpectedly.
10:58:30  [mercury] 	This may be due to a blocked port, missing dependencies, 
10:58:30  [mercury] 	improper privileges, a crash, or a shutdown by another method.
10:58:30  [mercury] 	Press the Logs button to view error logs and check
10:58:30  [mercury] 	the Windows Event Viewer for more clues
10:58:30  [mercury] 	If you need more help, copy and post this
10:58:30  [mercury] 	entire log window on the forums
10:58:54  [main] 	Executing "services.msc"
11:01:51  [mercury] 	Attempting to start Mercury app...
11:01:52  [mercury] 	Status change detected: running
11:02:53  [mercury] 	Status change detected: stopped
11:02:53  [mercury] 	Error: Mercury shutdown unexpectedly.
11:02:53  [mercury] 	This may be due to a blocked port, missing dependencies, 
11:02:53  [mercury] 	improper privileges, a crash, or a shutdown by another method.
11:02:53  [mercury] 	Press the Logs button to view error logs and check
11:02:53  [mercury] 	the Windows Event Viewer for more clues
11:02:53  [mercury] 	If you need more help, copy and post this
11:02:53  [mercury] 	entire log window on the forums
11:27:20  [mysql] 	Attempting to stop MySQL app...
11:27:23  [mysql] 	Status change detected: stopped
11:27:45  [mysql] 	Attempting to start MySQL app...
11:27:46  [mysql] 	Status change detected: running
11:28:57  [main] 	Executing "services.msc"
13:04:24  [Apache] 	Attempting to stop Apache (PID: 9916)
13:04:24  [Apache] 	Attempting to stop Apache (PID: 8376)
13:04:25  [Apache] 	Status change detected: stopped
13:04:26  [Apache] 	Attempting to start Apache app...
13:04:27  [Apache] 	Status change detected: running
16:35:03  [Apache] 	Attempting to stop Apache (PID: 2980)
16:35:03  [Apache] 	Attempting to stop Apache (PID: 3500)
16:35:03  [Apache] 	Status change detected: stopped
16:35:20  [Apache] 	Attempting to start Apache app...
16:35:20  [Apache] 	Status change detected: running
20:07:45  [Apache] 	Attempting to stop Apache (PID: 3988)
20:07:45  [Apache] 	Attempting to stop Apache (PID: 1204)
20:07:45  [Apache] 	Status change detected: stopped
20:07:46  [mysql] 	Attempting to stop MySQL app...
20:07:51  [mysql] 	Status change detected: stopped
23:57:02  [main] 	Deinitializing Modules
23:57:02  [main] 	Deinitializing Control Panel

12:40:05  [main] 	Initializing Control Panel
12:40:05  [main] 	Windows Version:  Home  64-bit
12:40:05  [main] 	XAMPP Version: 5.6.21
12:40:05  [main] 	Control Panel Version: 3.2.2  [ Compiled: Nov 12th 2015 ]
12:40:05  [main] 	You are not running with administrator rights! This will work for
12:40:05  [main] 	most application stuff but whenever you do something with services
12:40:05  [main] 	there will be a security dialogue or things will break! So think 
12:40:05  [main] 	about running this application with administrator rights!
12:40:05  [main] 	XAMPP Installation Directory: "d:\xampp\"
12:40:05  [main] 	Checking for prerequisites
12:40:14  [main] 	All prerequisites found
12:40:14  [main] 	Initializing Modules
12:40:14  [main] 	Starting Check-Timer
12:40:14  [main] 	Control Panel Ready
12:40:18  [Apache] 	Attempting to start Apache app...
12:40:18  [Apache] 	Status change detected: running
12:40:19  [mysql] 	Attempting to start MySQL app...
12:40:20  [mysql] 	Status change detected: running
16:54:01  [Apache] 	Attempting to stop Apache (PID: 3244)
16:54:01  [Apache] 	Attempting to stop Apache (PID: 852)
16:54:01  [Apache] 	Status change detected: stopped
16:54:02  [mysql] 	Attempting to stop MySQL app...
16:54:08  [mysql] 	Status change detected: stopped
16:56:03  [main] 	Deinitializing Modules
16:56:03  [main] 	Deinitializing Control Panel

18:28:26  [main] 	Initializing Control Panel
18:28:26  [main] 	Windows Version:  Home  64-bit
18:28:26  [main] 	XAMPP Version: 5.6.21
18:28:26  [main] 	Control Panel Version: 3.2.2  [ Compiled: Nov 12th 2015 ]
18:28:26  [main] 	You are not running with administrator rights! This will work for
18:28:26  [main] 	most application stuff but whenever you do something with services
18:28:26  [main] 	there will be a security dialogue or things will break! So think 
18:28:26  [main] 	about running this application with administrator rights!
18:28:26  [main] 	XAMPP Installation Directory: "d:\xampp\"
18:28:26  [main] 	Checking for prerequisites
18:28:28  [main] 	All prerequisites found
18:28:28  [main] 	Initializing Modules
18:28:28  [main] 	Starting Check-Timer
18:28:28  [main] 	Control Panel Ready
18:28:40  [Apache] 	Attempting to start Apache app...
18:28:40  [Apache] 	Status change detected: running
18:28:45  [mysql] 	Attempting to start MySQL app...
18:28:46  [mysql] 	Status change detected: running
22:30:38  [Apache] 	Attempting to stop Apache (PID: 4136)
22:30:38  [Apache] 	Attempting to stop Apache (PID: 10288)
22:30:39  [mysql] 	Attempting to stop MySQL app...
22:30:40  [Apache] 	Status change detected: stopped
22:30:42  [mysql] 	Status change detected: stopped
22:30:52  [main] 	Deinitializing Modules
22:30:52  [main] 	Deinitializing Control Panel

10:20:58  [main] 	Initializing Control Panel
10:20:58  [main] 	Windows Version:  Home  64-bit
10:20:58  [main] 	XAMPP Version: 5.6.21
10:20:58  [main] 	Control Panel Version: 3.2.2  [ Compiled: Nov 12th 2015 ]
10:20:58  [main] 	You are not running with administrator rights! This will work for
10:20:58  [main] 	most application stuff but whenever you do something with services
10:20:58  [main] 	there will be a security dialogue or things will break! So think 
10:20:58  [main] 	about running this application with administrator rights!
10:20:58  [main] 	XAMPP Installation Directory: "d:\xampp\"
10:20:58  [main] 	Checking for prerequisites
10:21:00  [main] 	All prerequisites found
10:21:00  [main] 	Initializing Modules
10:21:00  [main] 	Starting Check-Timer
10:21:00  [main] 	Control Panel Ready
10:21:02  [Apache] 	Attempting to start Apache app...
10:21:02  [Apache] 	Status change detected: running
10:21:02  [mysql] 	Attempting to start MySQL app...
10:21:03  [mysql] 	Status change detected: running
19:53:05  [Apache] 	Attempting to stop Apache (PID: 8348)
19:53:05  [Apache] 	Attempting to stop Apache (PID: 7224)
19:53:05  [Apache] 	Status change detected: stopped
19:53:06  [mysql] 	Attempting to stop MySQL app...
19:53:09  [mysql] 	Status change detected: stopped
19:55:33  [main] 	Deinitializing Modules
19:55:33  [main] 	Deinitializing Control Panel

21:56:29  [main] 	Initializing Control Panel
21:56:29  [main] 	Windows Version:  Home  64-bit
21:56:29  [main] 	XAMPP Version: 5.6.21
21:56:29  [main] 	Control Panel Version: 3.2.2  [ Compiled: Nov 12th 2015 ]
21:56:29  [main] 	You are not running with administrator rights! This will work for
21:56:29  [main] 	most application stuff but whenever you do something with services
21:56:29  [main] 	there will be a security dialogue or things will break! So think 
21:56:29  [main] 	about running this application with administrator rights!
21:56:29  [main] 	XAMPP Installation Directory: "d:\xampp\"
21:56:29  [main] 	Checking for prerequisites
21:56:29  [main] 	All prerequisites found
21:56:29  [main] 	Initializing Modules
21:56:29  [main] 	Starting Check-Timer
21:56:29  [main] 	Control Panel Ready
21:56:35  [Apache] 	Attempting to start Apache app...
21:56:36  [Apache] 	Status change detected: running
21:56:36  [mysql] 	Attempting to start MySQL app...
21:56:36  [mysql] 	Status change detected: running
22:20:22  [Apache] 	Attempting to stop Apache (PID: 9728)
22:20:22  [Apache] 	Attempting to stop Apache (PID: 9084)
22:20:23  [Apache] 	Status change detected: stopped
22:20:23  [mysql] 	Attempting to stop MySQL app...
22:20:25  [mysql] 	Status change detected: stopped
22:20:29  [main] 	Deinitializing Modules
22:20:29  [main] 	Deinitializing Control Panel

8:42:24  [main] 	Initializing Control Panel
8:42:25  [main] 	Windows Version:  Home  64-bit
8:42:25  [main] 	XAMPP Version: 5.6.21
8:42:25  [main] 	Control Panel Version: 3.2.2  [ Compiled: Nov 12th 2015 ]
8:42:25  [main] 	You are not running with administrator rights! This will work for
8:42:25  [main] 	most application stuff but whenever you do something with services
8:42:25  [main] 	there will be a security dialogue or things will break! So think 
8:42:25  [main] 	about running this application with administrator rights!
8:42:25  [main] 	XAMPP Installation Directory: "d:\xampp\"
8:42:25  [main] 	Checking for prerequisites
8:42:25  [main] 	All prerequisites found
8:42:25  [main] 	Initializing Modules
8:42:25  [main] 	Starting Check-Timer
8:42:25  [main] 	Control Panel Ready
8:42:27  [Apache] 	Attempting to start Apache app...
8:42:27  [Apache] 	Status change detected: running
8:42:28  [mysql] 	Attempting to start MySQL app...
8:42:30  [mysql] 	Status change detected: running
12:16:26  [Apache] 	Attempting to stop Apache (PID: 7936)
12:16:26  [Apache] 	Attempting to stop Apache (PID: 5632)
12:16:26  [Apache] 	Status change detected: stopped
12:16:26  [mysql] 	Attempting to stop MySQL app...
12:16:29  [mysql] 	Status change detected: stopped
12:58:21  [main] 	Deinitializing Modules
12:58:21  [main] 	Deinitializing Control Panel

14:05:47  [main] 	Initializing Control Panel
14:05:47  [main] 	Windows Version:  Home  64-bit
14:05:47  [main] 	XAMPP Version: 5.6.21
14:05:47  [main] 	Control Panel Version: 3.2.2  [ Compiled: Nov 12th 2015 ]
14:05:47  [main] 	You are not running with administrator rights! This will work for
14:05:47  [main] 	most application stuff but whenever you do something with services
14:05:47  [main] 	there will be a security dialogue or things will break! So think 
14:05:47  [main] 	about running this application with administrator rights!
14:05:47  [main] 	XAMPP Installation Directory: "d:\xampp\"
14:05:47  [main] 	Checking for prerequisites
14:05:50  [main] 	All prerequisites found
14:05:50  [main] 	Initializing Modules
14:05:50  [main] 	Starting Check-Timer
14:05:50  [main] 	Control Panel Ready
14:05:56  [Apache] 	Attempting to start Apache app...
14:05:56  [Apache] 	Status change detected: running
14:05:56  [mysql] 	Attempting to start MySQL app...
14:05:56  [mysql] 	Status change detected: running
15:30:26  [Apache] 	Attempting to stop Apache (PID: 5996)
15:30:26  [Apache] 	Attempting to stop Apache (PID: 1108)
15:30:26  [Apache] 	Status change detected: stopped
15:30:26  [mysql] 	Attempting to stop MySQL app...
15:30:29  [mysql] 	Attempting to stop MySQL app...
15:30:32  [mysql] 	Status change detected: stopped
15:50:20  [Apache] 	Status change detected: running
15:50:21  [mysql] 	Status change detected: running
17:53:58  [Apache] 	Status change detected: stopped
17:54:02  [mysql] 	Status change detected: stopped
17:54:20  [main] 	Deinitializing Modules
17:54:20  [main] 	Deinitializing Control Panel

18:50:41  [main] 	Initializing Control Panel
18:50:41  [main] 	Windows Version:  Home  64-bit
18:50:41  [main] 	XAMPP Version: 5.6.21
18:50:41  [main] 	Control Panel Version: 3.2.2  [ Compiled: Nov 12th 2015 ]
18:50:41  [main] 	You are not running with administrator rights! This will work for
18:50:41  [main] 	most application stuff but whenever you do something with services
18:50:41  [main] 	there will be a security dialogue or things will break! So think 
18:50:41  [main] 	about running this application with administrator rights!
18:50:41  [main] 	XAMPP Installation Directory: "d:\xampp\"
18:50:41  [main] 	Checking for prerequisites
18:50:41  [main] 	All prerequisites found
18:50:41  [main] 	Initializing Modules
18:50:41  [main] 	Starting Check-Timer
18:50:41  [main] 	Control Panel Ready
18:50:43  [mysql] 	Attempting to start MySQL app...
18:50:44  [mysql] 	Status change detected: running
18:50:54  [Apache] 	Attempting to start Apache app...
18:50:55  [Apache] 	Status change detected: running
19:02:53  [Apache] 	Attempting to stop Apache (PID: 7132)
19:02:53  [Apache] 	Attempting to stop Apache (PID: 968)
19:02:53  [Apache] 	Status change detected: stopped
19:02:54  [mysql] 	Attempting to stop MySQL app...
19:02:56  [mysql] 	Status change detected: stopped
21:10:22  [main] 	Deinitializing Modules
21:10:22  [main] 	Deinitializing Control Panel

10:02:19  [main] 	Initializing Control Panel
10:02:19  [main] 	Windows Version:  Home  64-bit
10:02:19  [main] 	XAMPP Version: 5.6.21
10:02:19  [main] 	Control Panel Version: 3.2.2  [ Compiled: Nov 12th 2015 ]
10:02:19  [main] 	You are not running with administrator rights! This will work for
10:02:19  [main] 	most application stuff but whenever you do something with services
10:02:19  [main] 	there will be a security dialogue or things will break! So think 
10:02:19  [main] 	about running this application with administrator rights!
10:02:19  [main] 	XAMPP Installation Directory: "d:\xampp\"
10:02:19  [main] 	Checking for prerequisites
10:02:19  [main] 	All prerequisites found
10:02:19  [main] 	Initializing Modules
10:02:19  [main] 	Starting Check-Timer
10:02:19  [main] 	Control Panel Ready
10:02:21  [Apache] 	Attempting to start Apache app...
10:02:21  [Apache] 	Status change detected: running
10:02:22  [mysql] 	Attempting to start MySQL app...
10:02:23  [mysql] 	Status change detected: running
18:02:35  [Apache] 	Attempting to stop Apache (PID: 2468)
18:02:35  [Apache] 	Attempting to stop Apache (PID: 4032)
18:02:35  [Apache] 	Status change detected: stopped
18:02:36  [mysql] 	Attempting to stop MySQL app...
18:02:39  [mysql] 	Status change detected: stopped
22:12:11  [main] 	Deinitializing Modules
22:12:11  [main] 	Deinitializing Control Panel

15:19:46  [main] 	Initializing Control Panel
15:19:46  [main] 	Windows Version:  Home  64-bit
15:19:46  [main] 	XAMPP Version: 5.6.21
15:19:46  [main] 	Control Panel Version: 3.2.2  [ Compiled: Nov 12th 2015 ]
15:19:46  [main] 	You are not running with administrator rights! This will work for
15:19:46  [main] 	most application stuff but whenever you do something with services
15:19:46  [main] 	there will be a security dialogue or things will break! So think 
15:19:46  [main] 	about running this application with administrator rights!
15:19:46  [main] 	XAMPP Installation Directory: "d:\xampp\"
15:19:46  [main] 	Checking for prerequisites
15:19:47  [main] 	All prerequisites found
15:19:47  [main] 	Initializing Modules
15:19:47  [main] 	Starting Check-Timer
15:19:47  [main] 	Control Panel Ready
15:19:49  [Apache] 	Attempting to start Apache app...
15:19:49  [Apache] 	Status change detected: running
15:19:51  [mysql] 	Attempting to start MySQL app...
15:19:52  [mysql] 	Status change detected: running
19:25:28  [Apache] 	Attempting to stop Apache (PID: 2452)
19:25:28  [Apache] 	Attempting to stop Apache (PID: 4068)
19:25:29  [Apache] 	Status change detected: stopped
19:25:29  [mysql] 	Attempting to stop MySQL app...
19:25:32  [mysql] 	Status change detected: stopped
19:26:58  [main] 	Deinitializing Modules
19:26:58  [main] 	Deinitializing Control Panel

8:58:44  [main] 	Initializing Control Panel
8:58:44  [main] 	Windows Version:  Home  64-bit
8:58:44  [main] 	XAMPP Version: 5.6.21
8:58:44  [main] 	Control Panel Version: 3.2.2  [ Compiled: Nov 12th 2015 ]
8:58:44  [main] 	You are not running with administrator rights! This will work for
8:58:44  [main] 	most application stuff but whenever you do something with services
8:58:44  [main] 	there will be a security dialogue or things will break! So think 
8:58:44  [main] 	about running this application with administrator rights!
8:58:44  [main] 	XAMPP Installation Directory: "d:\xampp\"
8:58:44  [main] 	Checking for prerequisites
8:58:47  [main] 	All prerequisites found
8:58:47  [main] 	Initializing Modules
8:58:47  [main] 	Starting Check-Timer
8:58:47  [main] 	Control Panel Ready
8:58:48  [Apache] 	Attempting to start Apache app...
8:58:49  [Apache] 	Status change detected: running
8:58:49  [mysql] 	Attempting to start MySQL app...
8:58:50  [mysql] 	Status change detected: running
21:21:34  [main] 	Deinitializing Modules
21:21:34  [main] 	Deinitializing Control Panel

15:12:40  [main] 	Initializing Control Panel
15:12:40  [main] 	Windows Version:  Home  64-bit
15:12:40  [main] 	XAMPP Version: 5.6.21
15:12:40  [main] 	Control Panel Version: 3.2.2  [ Compiled: Nov 12th 2015 ]
15:12:40  [main] 	You are not running with administrator rights! This will work for
15:12:40  [main] 	most application stuff but whenever you do something with services
15:12:40  [main] 	there will be a security dialogue or things will break! So think 
15:12:40  [main] 	about running this application with administrator rights!
15:12:40  [main] 	XAMPP Installation Directory: "d:\xampp\"
15:12:40  [main] 	Checking for prerequisites
15:12:40  [main] 	All prerequisites found
15:12:40  [main] 	Initializing Modules
15:12:40  [Apache] 	XAMPP Apache is already running on port 80
15:12:40  [Apache] 	XAMPP Apache is already running on port 443
15:12:40  [mysql] 	XAMPP MySQL is already running on port 3306
15:12:40  [main] 	Starting Check-Timer
15:12:40  [main] 	Control Panel Ready
21:29:33  [main] 	Deinitializing Modules
21:29:33  [main] 	Deinitializing Control Panel

9:05:50  [main] 	Initializing Control Panel
9:05:50  [main] 	Windows Version:  Home  64-bit
9:05:50  [main] 	XAMPP Version: 5.6.21
9:05:50  [main] 	Control Panel Version: 3.2.2  [ Compiled: Nov 12th 2015 ]
9:05:50  [main] 	You are not running with administrator rights! This will work for
9:05:50  [main] 	most application stuff but whenever you do something with services
9:05:50  [main] 	there will be a security dialogue or things will break! So think 
9:05:50  [main] 	about running this application with administrator rights!
9:05:50  [main] 	XAMPP Installation Directory: "d:\xampp\"
9:05:50  [main] 	Checking for prerequisites
9:05:52  [main] 	All prerequisites found
9:05:52  [main] 	Initializing Modules
9:05:53  [main] 	Starting Check-Timer
9:05:53  [main] 	Control Panel Ready
9:05:56  [Apache] 	Attempting to start Apache app...
9:05:56  [Apache] 	Status change detected: running
9:05:57  [mysql] 	Attempting to start MySQL app...
9:05:58  [mysql] 	Status change detected: running
21:29:35  [main] 	Deinitializing Modules
21:29:35  [main] 	Deinitializing Control Panel

