[ 2016-07-08T09:22:09+08:00 ] ::1 /index.php?g=Portal&m=AdminPost&a=index&menuid=7
NOTIC: D方法实例化没找到模型类Portal\Model\PostsModel

[ 2016-07-08T09:22:13+08:00 ] ::1 /index.php?g=Portal&m=AdminPage&a=index&menuid=25
NOTIC: D方法实例化没找到模型类Common\Model\PostsModel

[ 2016-07-08T09:22:51+08:00 ] ::1 /index.php?g=portal&m=AdminPost&a=index
NOTIC: D方法实例化没找到模型类Portal\Model\PostsModel

[ 2016-07-08T09:45:54+08:00 ] ::1 /index.php?g=Portal&m=AdminPost&a=index&menuid=7
NOTIC: D方法实例化没找到模型类Portal\Model\PostsModel

[ 2016-07-08T09:45:58+08:00 ] ::1 /index.php?g=&m=AdminPost&a=add&term=
NOTIC: D方法实例化没找到模型类Portal\Model\PostsModel

[ 2016-07-08T10:33:31+08:00 ] ::1 /index.php?g=Portal&m=AdminPost&a=index&menuid=7
NOTIC: D方法实例化没找到模型类Portal\Model\PostsModel

[ 2016-07-08T10:33:36+08:00 ] ::1 /index.php?g=Portal&m=AdminPage&a=index&menuid=25
NOTIC: D方法实例化没找到模型类Common\Model\PostsModel

[ 2016-07-08T11:36:37+08:00 ] ::1 /index.php?g=Portal&m=AdminPost&a=recyclebin&menuid=33
NOTIC: D方法实例化没找到模型类Portal\Model\PostsModel

[ 2016-07-08T11:36:46+08:00 ] ::1 /index.php?g=&m=AdminPost&a=clean&term=&tid=10&id=12
INFO: [ app_begin ] --START--
INFO: Run Behavior\ReadHtmlCacheBehavior [ RunTime:0.000873s ]
INFO: Run Behavior\CheckLangBehavior [ RunTime:0.001597s ]
INFO: [ app_begin ] --END-- [ RunTime:0.003130s ]
SQL: SHOW COLUMNS FROM `chen_users` [ RunTime:0.0702s ]
SQL: SELECT * FROM `chen_users` WHERE ( id=1 ) LIMIT 1   [ RunTime:0.0005s ]
NOTIC: D方法实例化没找到模型类Portal\Model\PostsModel
SQL: SHOW COLUMNS FROM `chen_posts` [ RunTime:0.0081s ]
SQL: SHOW COLUMNS FROM `chen_terms` [ RunTime:0.0082s ]
SQL: SHOW COLUMNS FROM `chen_term_relationships` [ RunTime:0.0079s ]
SQL: DELETE FROM `chen_term_relationships` WHERE ( tid = 10 ) [ RunTime:0.0007s ]
SQL: SELECT COUNT(*) AS tp_count FROM `chen_term_relationships` WHERE `object_id` = 12 LIMIT 1   [ RunTime:0.0003s ]
SQL: DELETE FROM `chen_posts` WHERE ( id=12 ) [ RunTime:0.0004s ]

[ 2016-07-08T11:36:46+08:00 ] ::1 /index.php?g=Portal&m=AdminPost&a=recyclebin&menuid=33
NOTIC: D方法实例化没找到模型类Portal\Model\PostsModel

[ 2016-07-08T11:36:48+08:00 ] ::1 /index.php?g=&m=AdminPost&a=clean&term=&tid=6&id=11
INFO: [ app_begin ] --START--
INFO: Run Behavior\ReadHtmlCacheBehavior [ RunTime:0.000852s ]
INFO: Run Behavior\CheckLangBehavior [ RunTime:0.001477s ]
INFO: [ app_begin ] --END-- [ RunTime:0.003364s ]
SQL: SHOW COLUMNS FROM `chen_users` [ RunTime:0.0719s ]
SQL: SELECT * FROM `chen_users` WHERE ( id=1 ) LIMIT 1   [ RunTime:0.0005s ]
NOTIC: D方法实例化没找到模型类Portal\Model\PostsModel
SQL: SHOW COLUMNS FROM `chen_posts` [ RunTime:0.0081s ]
SQL: SHOW COLUMNS FROM `chen_terms` [ RunTime:0.0073s ]
SQL: SHOW COLUMNS FROM `chen_term_relationships` [ RunTime:0.0075s ]
SQL: DELETE FROM `chen_term_relationships` WHERE ( tid = 6 ) [ RunTime:0.0003s ]
SQL: SELECT COUNT(*) AS tp_count FROM `chen_term_relationships` WHERE `object_id` = 11 LIMIT 1   [ RunTime:0.0003s ]
SQL: DELETE FROM `chen_posts` WHERE ( id=11 ) [ RunTime:0.0003s ]

[ 2016-07-08T11:36:48+08:00 ] ::1 /index.php?g=Portal&m=AdminPost&a=recyclebin&menuid=33
NOTIC: D方法实例化没找到模型类Portal\Model\PostsModel

[ 2016-07-08T11:36:52+08:00 ] ::1 /index.php?g=&m=AdminPost&a=clean&term=&tid=5&id=10
INFO: [ app_begin ] --START--
INFO: Run Behavior\ReadHtmlCacheBehavior [ RunTime:0.000811s ]
INFO: Run Behavior\CheckLangBehavior [ RunTime:0.001490s ]
INFO: [ app_begin ] --END-- [ RunTime:0.002923s ]
SQL: SHOW COLUMNS FROM `chen_users` [ RunTime:0.0119s ]
SQL: SELECT * FROM `chen_users` WHERE ( id=1 ) LIMIT 1   [ RunTime:0.0011s ]
NOTIC: D方法实例化没找到模型类Portal\Model\PostsModel
SQL: SHOW COLUMNS FROM `chen_posts` [ RunTime:0.0076s ]
SQL: SHOW COLUMNS FROM `chen_terms` [ RunTime:0.0073s ]
SQL: SHOW COLUMNS FROM `chen_term_relationships` [ RunTime:0.0071s ]
SQL: DELETE FROM `chen_term_relationships` WHERE ( tid = 5 ) [ RunTime:0.0003s ]
SQL: SELECT COUNT(*) AS tp_count FROM `chen_term_relationships` WHERE `object_id` = 10 LIMIT 1   [ RunTime:0.0003s ]
SQL: DELETE FROM `chen_posts` WHERE ( id=10 ) [ RunTime:0.0003s ]

[ 2016-07-08T11:36:52+08:00 ] ::1 /index.php?g=Portal&m=AdminPost&a=recyclebin&menuid=33
NOTIC: D方法实例化没找到模型类Portal\Model\PostsModel

[ 2016-07-08T11:36:56+08:00 ] ::1 /index.php?g=&m=AdminPost&a=clean&term=&tid=4&id=9
INFO: [ app_begin ] --START--
INFO: Run Behavior\ReadHtmlCacheBehavior [ RunTime:0.000786s ]
INFO: Run Behavior\CheckLangBehavior [ RunTime:0.001634s ]
INFO: [ app_begin ] --END-- [ RunTime:0.003101s ]
SQL: SHOW COLUMNS FROM `chen_users` [ RunTime:0.0118s ]
SQL: SELECT * FROM `chen_users` WHERE ( id=1 ) LIMIT 1   [ RunTime:0.0005s ]
NOTIC: D方法实例化没找到模型类Portal\Model\PostsModel
SQL: SHOW COLUMNS FROM `chen_posts` [ RunTime:0.0086s ]
SQL: SHOW COLUMNS FROM `chen_terms` [ RunTime:0.0072s ]
SQL: SHOW COLUMNS FROM `chen_term_relationships` [ RunTime:0.0763s ]
SQL: DELETE FROM `chen_term_relationships` WHERE ( tid = 4 ) [ RunTime:0.0003s ]
SQL: SELECT COUNT(*) AS tp_count FROM `chen_term_relationships` WHERE `object_id` = 9 LIMIT 1   [ RunTime:0.0003s ]
SQL: DELETE FROM `chen_posts` WHERE ( id=9 ) [ RunTime:0.0003s ]

[ 2016-07-08T11:36:56+08:00 ] ::1 /index.php?g=Portal&m=AdminPost&a=recyclebin&menuid=33
NOTIC: D方法实例化没找到模型类Portal\Model\PostsModel

[ 2016-07-08T11:36:58+08:00 ] ::1 /index.php?g=&m=AdminPost&a=clean&term=&tid=2&id=4
INFO: [ app_begin ] --START--
INFO: Run Behavior\ReadHtmlCacheBehavior [ RunTime:0.001236s ]
INFO: Run Behavior\CheckLangBehavior [ RunTime:0.001972s ]
INFO: [ app_begin ] --END-- [ RunTime:0.004112s ]
SQL: SHOW COLUMNS FROM `chen_users` [ RunTime:0.0365s ]
SQL: SELECT * FROM `chen_users` WHERE ( id=1 ) LIMIT 1   [ RunTime:0.0005s ]
NOTIC: D方法实例化没找到模型类Portal\Model\PostsModel
SQL: SHOW COLUMNS FROM `chen_posts` [ RunTime:0.0087s ]
SQL: SHOW COLUMNS FROM `chen_terms` [ RunTime:0.0078s ]
SQL: SHOW COLUMNS FROM `chen_term_relationships` [ RunTime:0.0072s ]
SQL: DELETE FROM `chen_term_relationships` WHERE ( tid = 2 ) [ RunTime:0.0004s ]
SQL: SELECT COUNT(*) AS tp_count FROM `chen_term_relationships` WHERE `object_id` = 4 LIMIT 1   [ RunTime:0.0003s ]
SQL: DELETE FROM `chen_posts` WHERE ( id=4 ) [ RunTime:0.0003s ]

[ 2016-07-08T11:36:58+08:00 ] ::1 /index.php?g=Portal&m=AdminPost&a=recyclebin&menuid=33
NOTIC: D方法实例化没找到模型类Portal\Model\PostsModel

[ 2016-07-08T11:37:01+08:00 ] ::1 /index.php?g=&m=AdminPost&a=clean&term=&tid=1&id=2
INFO: [ app_begin ] --START--
INFO: Run Behavior\ReadHtmlCacheBehavior [ RunTime:0.000799s ]
INFO: Run Behavior\CheckLangBehavior [ RunTime:0.001553s ]
INFO: [ app_begin ] --END-- [ RunTime:0.002940s ]
SQL: SHOW COLUMNS FROM `chen_users` [ RunTime:0.0132s ]
SQL: SELECT * FROM `chen_users` WHERE ( id=1 ) LIMIT 1   [ RunTime:0.0005s ]
NOTIC: D方法实例化没找到模型类Portal\Model\PostsModel
SQL: SHOW COLUMNS FROM `chen_posts` [ RunTime:0.0777s ]
SQL: SHOW COLUMNS FROM `chen_terms` [ RunTime:0.0080s ]
SQL: SHOW COLUMNS FROM `chen_term_relationships` [ RunTime:0.0071s ]
SQL: DELETE FROM `chen_term_relationships` WHERE ( tid = 1 ) [ RunTime:0.0003s ]
SQL: SELECT COUNT(*) AS tp_count FROM `chen_term_relationships` WHERE `object_id` = 2 LIMIT 1   [ RunTime:0.0003s ]
SQL: DELETE FROM `chen_posts` WHERE ( id=2 ) [ RunTime:0.0003s ]

[ 2016-07-08T11:37:01+08:00 ] ::1 /index.php?g=Portal&m=AdminPost&a=recyclebin&menuid=33
NOTIC: D方法实例化没找到模型类Portal\Model\PostsModel

[ 2016-07-08T11:37:04+08:00 ] ::1 /index.php?g=Portal&m=AdminPage&a=recyclebin&menuid=36
NOTIC: D方法实例化没找到模型类Common\Model\PostsModel

[ 2016-07-08T11:37:07+08:00 ] ::1 /index.php?g=Portal&m=AdminPost&a=index&menuid=7
NOTIC: D方法实例化没找到模型类Portal\Model\PostsModel

