[ 2016-07-08T09:53:48+08:00 ] ::1 /index.php?g=user&m=index&a=is_login
INFO: [ app_begin ] --START--
INFO: Run Behavior\ReadHtmlCacheBehavior [ RunTime:0.000817s ]
INFO: Run Behavior\CheckLangBehavior [ RunTime:0.000970s ]
INFO: [ app_begin ] --END-- [ RunTime:0.002374s ]
NOTIC: [8] Undefined index: url D:\xampp\htdocs\application\Common\Controller\AppframeController.class.php 第 24 行.

[ 2016-07-08T10:29:16+08:00 ] ::1 /index.php?g=user&m=index&a=is_login
INFO: [ app_begin ] --START--
INFO: Run Behavior\ReadHtmlCacheBehavior [ RunTime:0.001758s ]
INFO: Run Behavior\CheckLangBehavior [ RunTime:0.001904s ]
INFO: [ app_begin ] --END-- [ RunTime:0.004820s ]
NOTIC: [8] Undefined index: url D:\xampp\htdocs\application\Common\Controller\AppframeController.class.php 第 24 行.

[ 2016-07-08T10:30:52+08:00 ] ::1 /index.php?g=user&m=index&a=is_login
INFO: [ app_begin ] --START--
INFO: Run Behavior\ReadHtmlCacheBehavior [ RunTime:0.001227s ]
INFO: Run Behavior\CheckLangBehavior [ RunTime:0.001738s ]
INFO: [ app_begin ] --END-- [ RunTime:0.003776s ]
NOTIC: [8] Undefined index: url D:\xampp\htdocs\application\Common\Controller\AppframeController.class.php 第 24 行.

[ 2016-07-08T10:30:56+08:00 ] ::1 /index.php?g=user&m=index&a=is_login
INFO: [ app_begin ] --START--
INFO: Run Behavior\ReadHtmlCacheBehavior [ RunTime:0.001440s ]
INFO: Run Behavior\CheckLangBehavior [ RunTime:0.002621s ]
INFO: [ app_begin ] --END-- [ RunTime:0.005377s ]
NOTIC: [8] Undefined index: url D:\xampp\htdocs\application\Common\Controller\AppframeController.class.php 第 24 行.

[ 2016-07-08T10:31:46+08:00 ] ::1 /index.php?g=user&m=index&a=is_login
INFO: [ app_begin ] --START--
INFO: Run Behavior\ReadHtmlCacheBehavior [ RunTime:0.001280s ]
INFO: Run Behavior\CheckLangBehavior [ RunTime:0.001538s ]
INFO: [ app_begin ] --END-- [ RunTime:0.003740s ]
NOTIC: [8] Undefined index: url D:\xampp\htdocs\application\Common\Controller\AppframeController.class.php 第 24 行.

[ 2016-07-08T15:12:36+08:00 ] ::1 /index.php?g=user&m=index&a=is_login
INFO: [ app_begin ] --START--
INFO: Run Behavior\ReadHtmlCacheBehavior [ RunTime:0.001845s ]
INFO: Run Behavior\CheckLangBehavior [ RunTime:0.002828s ]
INFO: [ app_begin ] --END-- [ RunTime:0.005944s ]
NOTIC: [8] Undefined index: url D:\xampp\htdocs\application\Common\Controller\AppframeController.class.php 第 24 行.

[ 2016-07-08T15:12:37+08:00 ] ::1 /index.php?g=user&m=index&a=is_login
INFO: [ app_begin ] --START--
INFO: Run Behavior\ReadHtmlCacheBehavior [ RunTime:0.001345s ]
INFO: Run Behavior\CheckLangBehavior [ RunTime:0.002304s ]
INFO: [ app_begin ] --END-- [ RunTime:0.004625s ]
NOTIC: [8] Undefined index: url D:\xampp\htdocs\application\Common\Controller\AppframeController.class.php 第 24 行.

[ 2016-07-08T15:12:49+08:00 ] ::1 /index.php?g=user&m=index&a=is_login
INFO: [ app_begin ] --START--
INFO: Run Behavior\ReadHtmlCacheBehavior [ RunTime:0.000881s ]
INFO: Run Behavior\CheckLangBehavior [ RunTime:0.001113s ]
INFO: [ app_begin ] --END-- [ RunTime:0.002765s ]
NOTIC: [8] Undefined index: url D:\xampp\htdocs\application\Common\Controller\AppframeController.class.php 第 24 行.

[ 2016-07-08T15:12:57+08:00 ] ::1 /index.php?g=user&m=index&a=is_login
INFO: [ app_begin ] --START--
INFO: Run Behavior\ReadHtmlCacheBehavior [ RunTime:0.000802s ]
INFO: Run Behavior\CheckLangBehavior [ RunTime:0.001048s ]
INFO: [ app_begin ] --END-- [ RunTime:0.002429s ]
NOTIC: [8] Undefined index: url D:\xampp\htdocs\application\Common\Controller\AppframeController.class.php 第 24 行.

[ 2016-07-08T15:39:26+08:00 ] ::1 /index.php?g=user&m=index&a=is_login
INFO: [ app_begin ] --START--
INFO: Run Behavior\ReadHtmlCacheBehavior [ RunTime:0.001346s ]
INFO: Run Behavior\CheckLangBehavior [ RunTime:0.001982s ]
INFO: [ app_begin ] --END-- [ RunTime:0.004398s ]
NOTIC: [8] Undefined index: url D:\xampp\htdocs\application\Common\Controller\AppframeController.class.php 第 24 行.

[ 2016-07-08T15:39:32+08:00 ] ::1 /index.php?g=user&m=index&a=is_login
INFO: [ app_begin ] --START--
INFO: Run Behavior\ReadHtmlCacheBehavior [ RunTime:0.000672s ]
INFO: Run Behavior\CheckLangBehavior [ RunTime:0.001218s ]
INFO: [ app_begin ] --END-- [ RunTime:0.002917s ]
NOTIC: [8] Undefined index: url D:\xampp\htdocs\application\Common\Controller\AppframeController.class.php 第 24 行.

[ 2016-07-08T15:39:35+08:00 ] ::1 /index.php?g=user&m=index&a=is_login
INFO: [ app_begin ] --START--
INFO: Run Behavior\ReadHtmlCacheBehavior [ RunTime:0.001009s ]
INFO: Run Behavior\CheckLangBehavior [ RunTime:0.001727s ]
INFO: [ app_begin ] --END-- [ RunTime:0.003689s ]
NOTIC: [8] Undefined index: url D:\xampp\htdocs\application\Common\Controller\AppframeController.class.php 第 24 行.

