[Sun Jun 26 10:30:10.822794 2016] [ssl:warn] [pid 364:tid 556] AH01909: www.example.com:443:0 server certificate does NOT include an ID which matches the server name
[Sun Jun 26 10:30:11.180520 2016] [ssl:warn] [pid 364:tid 556] AH01909: www.example.com:443:0 server certificate does NOT include an ID which matches the server name
[Sun Jun 26 10:30:11.265167 2016] [mpm_winnt:notice] [pid 364:tid 556] AH00455: Apache/2.4.17 (Win32) OpenSSL/1.0.2d PHP/5.6.21 configured -- resuming normal operations
[Sun Jun 26 10:30:11.265167 2016] [mpm_winnt:notice] [pid 364:tid 556] AH00456: Apache Lounge VC11 Server built: Oct 13 2015 10:54:13
[Sun Jun 26 10:30:11.265167 2016] [core:notice] [pid 364:tid 556] AH00094: Command line: 'D:\\xampp\\apache\\bin\\httpd.exe -d D:/xampp/apache'
[Sun Jun 26 10:30:11.265167 2016] [mpm_winnt:notice] [pid 364:tid 556] AH00418: Parent: Created child process 5280
[Sun Jun 26 10:30:12.214052 2016] [ssl:warn] [pid 5280:tid 564] AH01909: www.example.com:443:0 server certificate does NOT include an ID which matches the server name
[Sun Jun 26 10:30:12.499208 2016] [ssl:warn] [pid 5280:tid 564] AH01909: www.example.com:443:0 server certificate does NOT include an ID which matches the server name
[Sun Jun 26 10:30:12.552600 2016] [mpm_winnt:notice] [pid 5280:tid 564] AH00354: Child: Starting 150 worker threads.
[Sun Jun 26 10:36:12.367823 2016] [ssl:warn] [pid 9916:tid 548] AH01909: www.example.com:443:0 server certificate does NOT include an ID which matches the server name
[Sun Jun 26 10:36:12.671752 2016] [ssl:warn] [pid 9916:tid 548] AH01909: www.example.com:443:0 server certificate does NOT include an ID which matches the server name
[Sun Jun 26 10:36:13.158004 2016] [mpm_winnt:notice] [pid 9916:tid 548] AH00455: Apache/2.4.17 (Win32) OpenSSL/1.0.2d PHP/5.6.21 configured -- resuming normal operations
[Sun Jun 26 10:36:13.158004 2016] [mpm_winnt:notice] [pid 9916:tid 548] AH00456: Apache Lounge VC11 Server built: Oct 13 2015 10:54:13
[Sun Jun 26 10:36:13.158004 2016] [core:notice] [pid 9916:tid 548] AH00094: Command line: 'd:\\xampp\\apache\\bin\\httpd.exe -d D:/xampp/apache'
[Sun Jun 26 10:36:13.158004 2016] [mpm_winnt:notice] [pid 9916:tid 548] AH00418: Parent: Created child process 8376
[Sun Jun 26 10:36:14.126560 2016] [ssl:warn] [pid 8376:tid 548] AH01909: www.example.com:443:0 server certificate does NOT include an ID which matches the server name
[Sun Jun 26 10:36:14.395241 2016] [ssl:warn] [pid 8376:tid 548] AH01909: www.example.com:443:0 server certificate does NOT include an ID which matches the server name
[Sun Jun 26 10:36:14.442120 2016] [mpm_winnt:notice] [pid 8376:tid 548] AH00354: Child: Starting 150 worker threads.
[Sun Jun 26 11:21:57.887894 2016] [:error] [pid 8376:tid 1840] [client ::1:61720] PHP Notice:  Undefined index: g in D:\\xampp\\htdocs\\index.php on line 45
[Sun Jun 26 13:04:27.960053 2016] [ssl:warn] [pid 2980:tid 528] AH01909: www.example.com:443:0 server certificate does NOT include an ID which matches the server name
[Sun Jun 26 13:04:28.049155 2016] [core:warn] [pid 2980:tid 528] AH00098: pid file D:/xampp/apache/logs/httpd.pid overwritten -- Unclean shutdown of previous Apache run?
[Sun Jun 26 13:04:28.272100 2016] [ssl:warn] [pid 2980:tid 528] AH01909: www.example.com:443:0 server certificate does NOT include an ID which matches the server name
[Sun Jun 26 13:04:28.346856 2016] [mpm_winnt:notice] [pid 2980:tid 528] AH00455: Apache/2.4.17 (Win32) OpenSSL/1.0.2d PHP/5.6.21 configured -- resuming normal operations
[Sun Jun 26 13:04:28.346856 2016] [mpm_winnt:notice] [pid 2980:tid 528] AH00456: Apache Lounge VC11 Server built: Oct 13 2015 10:54:13
[Sun Jun 26 13:04:28.346856 2016] [core:notice] [pid 2980:tid 528] AH00094: Command line: 'd:\\xampp\\apache\\bin\\httpd.exe -d D:/xampp/apache'
[Sun Jun 26 13:04:28.349859 2016] [mpm_winnt:notice] [pid 2980:tid 528] AH00418: Parent: Created child process 3500
[Sun Jun 26 13:04:29.217960 2016] [ssl:warn] [pid 3500:tid 560] AH01909: www.example.com:443:0 server certificate does NOT include an ID which matches the server name
[Sun Jun 26 13:04:29.503138 2016] [ssl:warn] [pid 3500:tid 560] AH01909: www.example.com:443:0 server certificate does NOT include an ID which matches the server name
[Sun Jun 26 13:04:29.556533 2016] [mpm_winnt:notice] [pid 3500:tid 560] AH00354: Child: Starting 150 worker threads.
[Sun Jun 26 16:35:21.519927 2016] [ssl:warn] [pid 3988:tid 524] AH01909: www.example.com:443:0 server certificate does NOT include an ID which matches the server name
[Sun Jun 26 16:35:21.588505 2016] [core:warn] [pid 3988:tid 524] AH00098: pid file D:/xampp/apache/logs/httpd.pid overwritten -- Unclean shutdown of previous Apache run?
[Sun Jun 26 16:35:21.789114 2016] [ssl:warn] [pid 3988:tid 524] AH01909: www.example.com:443:0 server certificate does NOT include an ID which matches the server name
[Sun Jun 26 16:35:21.851725 2016] [mpm_winnt:notice] [pid 3988:tid 524] AH00455: Apache/2.4.17 (Win32) OpenSSL/1.0.2d PHP/5.6.21 configured -- resuming normal operations
[Sun Jun 26 16:35:21.851725 2016] [mpm_winnt:notice] [pid 3988:tid 524] AH00456: Apache Lounge VC11 Server built: Oct 13 2015 10:54:13
[Sun Jun 26 16:35:21.851725 2016] [core:notice] [pid 3988:tid 524] AH00094: Command line: 'd:\\xampp\\apache\\bin\\httpd.exe -d D:/xampp/apache'
[Sun Jun 26 16:35:21.867348 2016] [mpm_winnt:notice] [pid 3988:tid 524] AH00418: Parent: Created child process 1204
[Sun Jun 26 16:35:22.807126 2016] [ssl:warn] [pid 1204:tid 556] AH01909: www.example.com:443:0 server certificate does NOT include an ID which matches the server name
[Sun Jun 26 16:35:23.070197 2016] [ssl:warn] [pid 1204:tid 556] AH01909: www.example.com:443:0 server certificate does NOT include an ID which matches the server name
[Sun Jun 26 16:35:23.123588 2016] [mpm_winnt:notice] [pid 1204:tid 556] AH00354: Child: Starting 150 worker threads.
[Tue Jun 28 12:40:24.897594 2016] [ssl:warn] [pid 3244:tid 516] AH01909: www.example.com:443:0 server certificate does NOT include an ID which matches the server name
[Tue Jun 28 12:40:24.997742 2016] [core:warn] [pid 3244:tid 516] AH00098: pid file D:/xampp/apache/logs/httpd.pid overwritten -- Unclean shutdown of previous Apache run?
[Tue Jun 28 12:40:25.213388 2016] [ssl:warn] [pid 3244:tid 516] AH01909: www.example.com:443:0 server certificate does NOT include an ID which matches the server name
[Tue Jun 28 12:40:28.518096 2016] [mpm_winnt:notice] [pid 3244:tid 516] AH00455: Apache/2.4.17 (Win32) OpenSSL/1.0.2d PHP/5.6.21 configured -- resuming normal operations
[Tue Jun 28 12:40:28.518096 2016] [mpm_winnt:notice] [pid 3244:tid 516] AH00456: Apache Lounge VC11 Server built: Oct 13 2015 10:54:13
[Tue Jun 28 12:40:28.518096 2016] [core:notice] [pid 3244:tid 516] AH00094: Command line: 'd:\\xampp\\apache\\bin\\httpd.exe -d D:/xampp/apache'
[Tue Jun 28 12:40:28.518096 2016] [mpm_winnt:notice] [pid 3244:tid 516] AH00418: Parent: Created child process 852
[Tue Jun 28 12:40:29.439777 2016] [ssl:warn] [pid 852:tid 544] AH01909: www.example.com:443:0 server certificate does NOT include an ID which matches the server name
[Tue Jun 28 12:40:29.785196 2016] [ssl:warn] [pid 852:tid 544] AH01909: www.example.com:443:0 server certificate does NOT include an ID which matches the server name
[Tue Jun 28 12:40:29.835230 2016] [mpm_winnt:notice] [pid 852:tid 544] AH00354: Child: Starting 150 worker threads.
[Fri Jul 01 18:28:46.407932 2016] [ssl:warn] [pid 4136:tid 524] AH01909: www.example.com:443:0 server certificate does NOT include an ID which matches the server name
[Fri Jul 01 18:28:46.585958 2016] [core:warn] [pid 4136:tid 524] AH00098: pid file D:/xampp/apache/logs/httpd.pid overwritten -- Unclean shutdown of previous Apache run?
[Fri Jul 01 18:28:46.794496 2016] [ssl:warn] [pid 4136:tid 524] AH01909: www.example.com:443:0 server certificate does NOT include an ID which matches the server name
[Fri Jul 01 18:28:49.690465 2016] [mpm_winnt:notice] [pid 4136:tid 524] AH00455: Apache/2.4.17 (Win32) OpenSSL/1.0.2d PHP/5.6.21 configured -- resuming normal operations
[Fri Jul 01 18:28:49.690465 2016] [mpm_winnt:notice] [pid 4136:tid 524] AH00456: Apache Lounge VC11 Server built: Oct 13 2015 10:54:13
[Fri Jul 01 18:28:49.745691 2016] [core:notice] [pid 4136:tid 524] AH00094: Command line: 'd:\\xampp\\apache\\bin\\httpd.exe -d D:/xampp/apache'
[Fri Jul 01 18:28:49.749688 2016] [mpm_winnt:notice] [pid 4136:tid 524] AH00418: Parent: Created child process 10288
[Fri Jul 01 18:28:50.841958 2016] [ssl:warn] [pid 10288:tid 528] AH01909: www.example.com:443:0 server certificate does NOT include an ID which matches the server name
[Fri Jul 01 18:28:51.299811 2016] [ssl:warn] [pid 10288:tid 528] AH01909: www.example.com:443:0 server certificate does NOT include an ID which matches the server name
[Fri Jul 01 18:28:51.347831 2016] [mpm_winnt:notice] [pid 10288:tid 528] AH00354: Child: Starting 150 worker threads.
[Sat Jul 02 10:21:07.613225 2016] [ssl:warn] [pid 8348:tid 532] AH01909: www.example.com:443:0 server certificate does NOT include an ID which matches the server name
[Sat Jul 02 10:21:08.109988 2016] [core:warn] [pid 8348:tid 532] AH00098: pid file D:/xampp/apache/logs/httpd.pid overwritten -- Unclean shutdown of previous Apache run?
[Sat Jul 02 10:21:08.317804 2016] [ssl:warn] [pid 8348:tid 532] AH01909: www.example.com:443:0 server certificate does NOT include an ID which matches the server name
[Sat Jul 02 10:21:09.484448 2016] [mpm_winnt:notice] [pid 8348:tid 532] AH00455: Apache/2.4.17 (Win32) OpenSSL/1.0.2d PHP/5.6.21 configured -- resuming normal operations
[Sat Jul 02 10:21:09.484448 2016] [mpm_winnt:notice] [pid 8348:tid 532] AH00456: Apache Lounge VC11 Server built: Oct 13 2015 10:54:13
[Sat Jul 02 10:21:09.484448 2016] [core:notice] [pid 8348:tid 532] AH00094: Command line: 'd:\\xampp\\apache\\bin\\httpd.exe -d D:/xampp/apache'
[Sat Jul 02 10:21:09.487450 2016] [mpm_winnt:notice] [pid 8348:tid 532] AH00418: Parent: Created child process 7224
[Sat Jul 02 10:21:10.565542 2016] [ssl:warn] [pid 7224:tid 552] AH01909: www.example.com:443:0 server certificate does NOT include an ID which matches the server name
[Sat Jul 02 10:21:10.835865 2016] [ssl:warn] [pid 7224:tid 552] AH01909: www.example.com:443:0 server certificate does NOT include an ID which matches the server name
[Sat Jul 02 10:21:10.886402 2016] [mpm_winnt:notice] [pid 7224:tid 552] AH00354: Child: Starting 150 worker threads.
[Sat Jul 02 14:52:02.840813 2016] [access_compat:error] [pid 7224:tid 1856] [client ::1:62332] AH01797: client denied by server configuration: D:/xampp/htdocs/themes/simplebootx/Public/images/index.html, referer: http://localhost/
[Sat Jul 02 14:52:02.847818 2016] [access_compat:error] [pid 7224:tid 1856] [client ::1:62332] AH01797: client denied by server configuration: D:/xampp/htdocs/themes/simplebootx/Public/images/default.html, referer: http://localhost/
[Sat Jul 02 14:52:02.853826 2016] [access_compat:error] [pid 7224:tid 1856] [client ::1:62332] AH01797: client denied by server configuration: D:/xampp/htdocs/themes/simplebootx/Public/images/home.html, referer: http://localhost/
[Sat Jul 02 14:52:11.424011 2016] [access_compat:error] [pid 7224:tid 1864] [client ::1:62337] AH01797: client denied by server configuration: D:/xampp/htdocs/themes/simplebootx/Public/images/index.html, referer: http://localhost/
[Sat Jul 02 14:52:11.429014 2016] [access_compat:error] [pid 7224:tid 1864] [client ::1:62337] AH01797: client denied by server configuration: D:/xampp/htdocs/themes/simplebootx/Public/images/default.html, referer: http://localhost/
[Sat Jul 02 14:52:11.434017 2016] [access_compat:error] [pid 7224:tid 1864] [client ::1:62337] AH01797: client denied by server configuration: D:/xampp/htdocs/themes/simplebootx/Public/images/home.html, referer: http://localhost/
[Sun Jul 03 13:49:37.500570 2016] [ssl:warn] [pid 5920:tid 516] AH01909: www.example.com:443:0 server certificate does NOT include an ID which matches the server name
[Sun Jul 03 13:49:37.793933 2016] [core:warn] [pid 5920:tid 516] AH00098: pid file D:/xampp/apache/logs/httpd.pid overwritten -- Unclean shutdown of previous Apache run?
[Sun Jul 03 13:49:38.544435 2016] [ssl:warn] [pid 5920:tid 516] AH01909: www.example.com:443:0 server certificate does NOT include an ID which matches the server name
[Sun Jul 03 13:49:40.883787 2016] [mpm_winnt:notice] [pid 5920:tid 516] AH00455: Apache/2.4.17 (Win32) OpenSSL/1.0.2d PHP/5.6.21 configured -- resuming normal operations
[Sun Jul 03 13:49:40.883787 2016] [mpm_winnt:notice] [pid 5920:tid 516] AH00456: Apache Lounge VC11 Server built: Oct 13 2015 10:54:13
[Sun Jul 03 13:49:40.883787 2016] [core:notice] [pid 5920:tid 516] AH00094: Command line: 'd:\\xampp\\apache\\bin\\httpd.exe -d D:/xampp/apache'
[Sun Jul 03 13:49:40.885788 2016] [mpm_winnt:notice] [pid 5920:tid 516] AH00418: Parent: Created child process 2660
[Sun Jul 03 13:49:42.071688 2016] [ssl:warn] [pid 2660:tid 628] AH01909: www.example.com:443:0 server certificate does NOT include an ID which matches the server name
[Sun Jul 03 13:49:42.358901 2016] [ssl:warn] [pid 2660:tid 628] AH01909: www.example.com:443:0 server certificate does NOT include an ID which matches the server name
[Sun Jul 03 13:49:42.419949 2016] [mpm_winnt:notice] [pid 2660:tid 628] AH00354: Child: Starting 150 worker threads.
[Sun Jul 03 21:56:37.614048 2016] [ssl:warn] [pid 9728:tid 572] AH01909: www.example.com:443:0 server certificate does NOT include an ID which matches the server name
[Sun Jul 03 21:56:37.731139 2016] [core:warn] [pid 9728:tid 572] AH00098: pid file D:/xampp/apache/logs/httpd.pid overwritten -- Unclean shutdown of previous Apache run?
[Sun Jul 03 21:56:38.007578 2016] [ssl:warn] [pid 9728:tid 572] AH01909: www.example.com:443:0 server certificate does NOT include an ID which matches the server name
[Sun Jul 03 21:56:38.087638 2016] [mpm_winnt:notice] [pid 9728:tid 572] AH00455: Apache/2.4.17 (Win32) OpenSSL/1.0.2d PHP/5.6.21 configured -- resuming normal operations
[Sun Jul 03 21:56:38.087638 2016] [mpm_winnt:notice] [pid 9728:tid 572] AH00456: Apache Lounge VC11 Server built: Oct 13 2015 10:54:13
[Sun Jul 03 21:56:38.087638 2016] [core:notice] [pid 9728:tid 572] AH00094: Command line: 'd:\\xampp\\apache\\bin\\httpd.exe -d D:/xampp/apache'
[Sun Jul 03 21:56:38.090639 2016] [mpm_winnt:notice] [pid 9728:tid 572] AH00418: Parent: Created child process 9084
[Sun Jul 03 21:56:39.355443 2016] [ssl:warn] [pid 9084:tid 612] AH01909: www.example.com:443:0 server certificate does NOT include an ID which matches the server name
[Sun Jul 03 21:56:39.703693 2016] [ssl:warn] [pid 9084:tid 612] AH01909: www.example.com:443:0 server certificate does NOT include an ID which matches the server name
[Sun Jul 03 21:56:39.766741 2016] [mpm_winnt:notice] [pid 9084:tid 612] AH00354: Child: Starting 150 worker threads.
[Mon Jul 04 08:42:34.514548 2016] [ssl:warn] [pid 7936:tid 572] AH01909: www.example.com:443:0 server certificate does NOT include an ID which matches the server name
[Mon Jul 04 08:42:34.847475 2016] [core:warn] [pid 7936:tid 572] AH00098: pid file D:/xampp/apache/logs/httpd.pid overwritten -- Unclean shutdown of previous Apache run?
[Mon Jul 04 08:42:35.052418 2016] [ssl:warn] [pid 7936:tid 572] AH01909: www.example.com:443:0 server certificate does NOT include an ID which matches the server name
[Mon Jul 04 08:42:35.740598 2016] [mpm_winnt:notice] [pid 7936:tid 572] AH00455: Apache/2.4.17 (Win32) OpenSSL/1.0.2d PHP/5.6.21 configured -- resuming normal operations
[Mon Jul 04 08:42:35.740598 2016] [mpm_winnt:notice] [pid 7936:tid 572] AH00456: Apache Lounge VC11 Server built: Oct 13 2015 10:54:13
[Mon Jul 04 08:42:35.740598 2016] [core:notice] [pid 7936:tid 572] AH00094: Command line: 'd:\\xampp\\apache\\bin\\httpd.exe -d D:/xampp/apache'
[Mon Jul 04 08:42:35.742600 2016] [mpm_winnt:notice] [pid 7936:tid 572] AH00418: Parent: Created child process 5632
[Mon Jul 04 08:42:36.894968 2016] [ssl:warn] [pid 5632:tid 160] AH01909: www.example.com:443:0 server certificate does NOT include an ID which matches the server name
[Mon Jul 04 08:42:37.323369 2016] [ssl:warn] [pid 5632:tid 160] AH01909: www.example.com:443:0 server certificate does NOT include an ID which matches the server name
[Mon Jul 04 08:42:37.386413 2016] [mpm_winnt:notice] [pid 5632:tid 160] AH00354: Child: Starting 150 worker threads.
[Mon Jul 04 14:06:02.444825 2016] [ssl:warn] [pid 5996:tid 616] AH01909: www.example.com:443:0 server certificate does NOT include an ID which matches the server name
[Mon Jul 04 14:06:02.678391 2016] [core:warn] [pid 5996:tid 616] AH00098: pid file D:/xampp/apache/logs/httpd.pid overwritten -- Unclean shutdown of previous Apache run?
[Mon Jul 04 14:06:02.872989 2016] [ssl:warn] [pid 5996:tid 616] AH01909: www.example.com:443:0 server certificate does NOT include an ID which matches the server name
[Mon Jul 04 14:06:06.065812 2016] [mpm_winnt:notice] [pid 5996:tid 616] AH00455: Apache/2.4.17 (Win32) OpenSSL/1.0.2d PHP/5.6.21 configured -- resuming normal operations
[Mon Jul 04 14:06:06.065812 2016] [mpm_winnt:notice] [pid 5996:tid 616] AH00456: Apache Lounge VC11 Server built: Oct 13 2015 10:54:13
[Mon Jul 04 14:06:06.065812 2016] [core:notice] [pid 5996:tid 616] AH00094: Command line: 'd:\\xampp\\apache\\bin\\httpd.exe -d D:/xampp/apache'
[Mon Jul 04 14:06:06.068816 2016] [mpm_winnt:notice] [pid 5996:tid 616] AH00418: Parent: Created child process 1108
[Mon Jul 04 14:06:07.136546 2016] [ssl:warn] [pid 1108:tid 580] AH01909: www.example.com:443:0 server certificate does NOT include an ID which matches the server name
[Mon Jul 04 14:06:07.483499 2016] [ssl:warn] [pid 1108:tid 580] AH01909: www.example.com:443:0 server certificate does NOT include an ID which matches the server name
[Mon Jul 04 14:06:07.538616 2016] [mpm_winnt:notice] [pid 1108:tid 580] AH00354: Child: Starting 150 worker threads.
[Mon Jul 04 15:50:22.163033 2016] [ssl:warn] [pid 5920:tid 612] AH01909: www.example.com:443:0 server certificate does NOT include an ID which matches the server name
[Mon Jul 04 15:50:22.347169 2016] [core:warn] [pid 5920:tid 612] AH00098: pid file D:/xampp/apache/logs/httpd.pid overwritten -- Unclean shutdown of previous Apache run?
[Mon Jul 04 15:50:22.604362 2016] [ssl:warn] [pid 5920:tid 612] AH01909: www.example.com:443:0 server certificate does NOT include an ID which matches the server name
[Mon Jul 04 15:50:22.666405 2016] [mpm_winnt:notice] [pid 5920:tid 612] AH00455: Apache/2.4.17 (Win32) OpenSSL/1.0.2d PHP/5.6.21 configured -- resuming normal operations
[Mon Jul 04 15:50:22.666405 2016] [mpm_winnt:notice] [pid 5920:tid 612] AH00456: Apache Lounge VC11 Server built: Oct 13 2015 10:54:13
[Mon Jul 04 15:50:22.666405 2016] [core:notice] [pid 5920:tid 612] AH00094: Command line: 'd:\\xampp\\apache\\bin\\httpd.exe -d D:/xampp/apache'
[Mon Jul 04 15:50:22.669407 2016] [mpm_winnt:notice] [pid 5920:tid 612] AH00418: Parent: Created child process 8948
[Mon Jul 04 15:50:23.997148 2016] [ssl:warn] [pid 8948:tid 608] AH01909: www.example.com:443:0 server certificate does NOT include an ID which matches the server name
[Mon Jul 04 15:50:24.368202 2016] [ssl:warn] [pid 8948:tid 608] AH01909: www.example.com:443:0 server certificate does NOT include an ID which matches the server name
[Mon Jul 04 15:50:24.425241 2016] [mpm_winnt:notice] [pid 8948:tid 608] AH00354: Child: Starting 150 worker threads.
[Mon Jul 04 18:50:56.892128 2016] [ssl:warn] [pid 7132:tid 600] AH01909: www.example.com:443:0 server certificate does NOT include an ID which matches the server name
[Mon Jul 04 18:50:56.978140 2016] [core:warn] [pid 7132:tid 600] AH00098: pid file D:/xampp/apache/logs/httpd.pid overwritten -- Unclean shutdown of previous Apache run?
[Mon Jul 04 18:50:57.207307 2016] [ssl:warn] [pid 7132:tid 600] AH01909: www.example.com:443:0 server certificate does NOT include an ID which matches the server name
[Mon Jul 04 18:50:57.886139 2016] [mpm_winnt:notice] [pid 7132:tid 600] AH00455: Apache/2.4.17 (Win32) OpenSSL/1.0.2d PHP/5.6.21 configured -- resuming normal operations
[Mon Jul 04 18:50:57.886139 2016] [mpm_winnt:notice] [pid 7132:tid 600] AH00456: Apache Lounge VC11 Server built: Oct 13 2015 10:54:13
[Mon Jul 04 18:50:57.886139 2016] [core:notice] [pid 7132:tid 600] AH00094: Command line: 'd:\\xampp\\apache\\bin\\httpd.exe -d D:/xampp/apache'
[Mon Jul 04 18:50:57.889141 2016] [mpm_winnt:notice] [pid 7132:tid 600] AH00418: Parent: Created child process 968
[Mon Jul 04 18:50:58.872731 2016] [ssl:warn] [pid 968:tid 596] AH01909: www.example.com:443:0 server certificate does NOT include an ID which matches the server name
[Mon Jul 04 18:50:59.118632 2016] [ssl:warn] [pid 968:tid 596] AH01909: www.example.com:443:0 server certificate does NOT include an ID which matches the server name
[Mon Jul 04 18:50:59.170170 2016] [mpm_winnt:notice] [pid 968:tid 596] AH00354: Child: Starting 150 worker threads.
[Tue Jul 05 10:02:27.381289 2016] [ssl:warn] [pid 2468:tid 556] AH01909: www.example.com:443:0 server certificate does NOT include an ID which matches the server name
[Tue Jul 05 10:02:27.816303 2016] [core:warn] [pid 2468:tid 556] AH00098: pid file D:/xampp/apache/logs/httpd.pid overwritten -- Unclean shutdown of previous Apache run?
[Tue Jul 05 10:02:28.035487 2016] [ssl:warn] [pid 2468:tid 556] AH01909: www.example.com:443:0 server certificate does NOT include an ID which matches the server name
[Tue Jul 05 10:02:29.104248 2016] [mpm_winnt:notice] [pid 2468:tid 556] AH00455: Apache/2.4.17 (Win32) OpenSSL/1.0.2d PHP/5.6.21 configured -- resuming normal operations
[Tue Jul 05 10:02:29.104248 2016] [mpm_winnt:notice] [pid 2468:tid 556] AH00456: Apache Lounge VC11 Server built: Oct 13 2015 10:54:13
[Tue Jul 05 10:02:29.104248 2016] [core:notice] [pid 2468:tid 556] AH00094: Command line: 'd:\\xampp\\apache\\bin\\httpd.exe -d D:/xampp/apache'
[Tue Jul 05 10:02:29.106570 2016] [mpm_winnt:notice] [pid 2468:tid 556] AH00418: Parent: Created child process 4032
[Tue Jul 05 10:02:30.196244 2016] [ssl:warn] [pid 4032:tid 580] AH01909: www.example.com:443:0 server certificate does NOT include an ID which matches the server name
[Tue Jul 05 10:02:30.508748 2016] [ssl:warn] [pid 4032:tid 580] AH01909: www.example.com:443:0 server certificate does NOT include an ID which matches the server name
[Tue Jul 05 10:02:30.580300 2016] [mpm_winnt:notice] [pid 4032:tid 580] AH00354: Child: Starting 150 worker threads.
[Wed Jul 06 15:19:57.962030 2016] [ssl:warn] [pid 2452:tid 544] AH01909: www.example.com:443:0 server certificate does NOT include an ID which matches the server name
[Wed Jul 06 15:19:58.161816 2016] [core:warn] [pid 2452:tid 544] AH00098: pid file D:/xampp/apache/logs/httpd.pid overwritten -- Unclean shutdown of previous Apache run?
[Wed Jul 06 15:19:58.405006 2016] [ssl:warn] [pid 2452:tid 544] AH01909: www.example.com:443:0 server certificate does NOT include an ID which matches the server name
[Wed Jul 06 15:20:00.364873 2016] [mpm_winnt:notice] [pid 2452:tid 544] AH00455: Apache/2.4.17 (Win32) OpenSSL/1.0.2d PHP/5.6.21 configured -- resuming normal operations
[Wed Jul 06 15:20:00.364873 2016] [mpm_winnt:notice] [pid 2452:tid 544] AH00456: Apache Lounge VC11 Server built: Oct 13 2015 10:54:13
[Wed Jul 06 15:20:00.364873 2016] [core:notice] [pid 2452:tid 544] AH00094: Command line: 'd:\\xampp\\apache\\bin\\httpd.exe -d D:/xampp/apache'
[Wed Jul 06 15:20:00.367878 2016] [mpm_winnt:notice] [pid 2452:tid 544] AH00418: Parent: Created child process 4068
[Wed Jul 06 15:20:01.279576 2016] [ssl:warn] [pid 4068:tid 516] AH01909: www.example.com:443:0 server certificate does NOT include an ID which matches the server name
[Wed Jul 06 15:20:01.567937 2016] [ssl:warn] [pid 4068:tid 516] AH01909: www.example.com:443:0 server certificate does NOT include an ID which matches the server name
[Wed Jul 06 15:20:01.618976 2016] [mpm_winnt:notice] [pid 4068:tid 516] AH00354: Child: Starting 150 worker threads.
[Thu Jul 07 08:58:56.346296 2016] [ssl:warn] [pid 7220:tid 572] AH01909: www.example.com:443:0 server certificate does NOT include an ID which matches the server name
[Thu Jul 07 08:58:56.471304 2016] [core:warn] [pid 7220:tid 572] AH00098: pid file D:/xampp/apache/logs/httpd.pid overwritten -- Unclean shutdown of previous Apache run?
[Thu Jul 07 08:58:56.658810 2016] [ssl:warn] [pid 7220:tid 572] AH01909: www.example.com:443:0 server certificate does NOT include an ID which matches the server name
[Thu Jul 07 08:58:58.587047 2016] [mpm_winnt:notice] [pid 7220:tid 572] AH00455: Apache/2.4.17 (Win32) OpenSSL/1.0.2d PHP/5.6.21 configured -- resuming normal operations
[Thu Jul 07 08:58:58.587047 2016] [mpm_winnt:notice] [pid 7220:tid 572] AH00456: Apache Lounge VC11 Server built: Oct 13 2015 10:54:13
[Thu Jul 07 08:58:58.587047 2016] [core:notice] [pid 7220:tid 572] AH00094: Command line: 'd:\\xampp\\apache\\bin\\httpd.exe -d D:/xampp/apache'
[Thu Jul 07 08:58:58.589047 2016] [mpm_winnt:notice] [pid 7220:tid 572] AH00418: Parent: Created child process 3788
[Thu Jul 07 08:58:59.737543 2016] [ssl:warn] [pid 3788:tid 588] AH01909: www.example.com:443:0 server certificate does NOT include an ID which matches the server name
[Thu Jul 07 08:59:00.098685 2016] [ssl:warn] [pid 3788:tid 588] AH01909: www.example.com:443:0 server certificate does NOT include an ID which matches the server name
[Thu Jul 07 08:59:00.153232 2016] [mpm_winnt:notice] [pid 3788:tid 588] AH00354: Child: Starting 150 worker threads.
[Fri Jul 08 09:06:02.527234 2016] [ssl:warn] [pid 2632:tid 604] AH01909: www.example.com:443:0 server certificate does NOT include an ID which matches the server name
[Fri Jul 08 09:06:02.761622 2016] [core:warn] [pid 2632:tid 604] AH00098: pid file D:/xampp/apache/logs/httpd.pid overwritten -- Unclean shutdown of previous Apache run?
[Fri Jul 08 09:06:02.955600 2016] [ssl:warn] [pid 2632:tid 604] AH01909: www.example.com:443:0 server certificate does NOT include an ID which matches the server name
[Fri Jul 08 09:06:05.128207 2016] [mpm_winnt:notice] [pid 2632:tid 604] AH00455: Apache/2.4.17 (Win32) OpenSSL/1.0.2d PHP/5.6.21 configured -- resuming normal operations
[Fri Jul 08 09:06:05.128207 2016] [mpm_winnt:notice] [pid 2632:tid 604] AH00456: Apache Lounge VC11 Server built: Oct 13 2015 10:54:13
[Fri Jul 08 09:06:05.128207 2016] [core:notice] [pid 2632:tid 604] AH00094: Command line: 'd:\\xampp\\apache\\bin\\httpd.exe -d D:/xampp/apache'
[Fri Jul 08 09:06:05.143833 2016] [mpm_winnt:notice] [pid 2632:tid 604] AH00418: Parent: Created child process 6384
[Fri Jul 08 09:06:06.130526 2016] [ssl:warn] [pid 6384:tid 600] AH01909: www.example.com:443:0 server certificate does NOT include an ID which matches the server name
[Fri Jul 08 09:06:06.474631 2016] [ssl:warn] [pid 6384:tid 600] AH01909: www.example.com:443:0 server certificate does NOT include an ID which matches the server name
[Fri Jul 08 09:06:06.521510 2016] [mpm_winnt:notice] [pid 6384:tid 600] AH00354: Child: Starting 150 worker threads.
[Sun Jul 10 21:40:52.315014 2016] [ssl:warn] [pid 7148:tid 512] AH01909: www.example.com:443:0 server certificate does NOT include an ID which matches the server name
[Sun Jul 10 21:40:52.368211 2016] [core:warn] [pid 7148:tid 512] AH00098: pid file D:/xampp/apache/logs/httpd.pid overwritten -- Unclean shutdown of previous Apache run?
[Sun Jul 10 21:40:52.436256 2016] [ssl:warn] [pid 7148:tid 512] AH01909: www.example.com:443:0 server certificate does NOT include an ID which matches the server name
[Sun Jul 10 21:40:52.488946 2016] [mpm_winnt:notice] [pid 7148:tid 512] AH00455: Apache/2.4.17 (Win32) OpenSSL/1.0.2d PHP/5.6.21 configured -- resuming normal operations
[Sun Jul 10 21:40:52.488946 2016] [mpm_winnt:notice] [pid 7148:tid 512] AH00456: Apache Lounge VC11 Server built: Oct 13 2015 10:54:13
[Sun Jul 10 21:40:52.488946 2016] [core:notice] [pid 7148:tid 512] AH00094: Command line: 'd:\\xampp\\apache\\bin\\httpd.exe -d D:/xampp/apache'
[Sun Jul 10 21:40:52.489946 2016] [mpm_winnt:notice] [pid 7148:tid 512] AH00418: Parent: Created child process 6044
[Sun Jul 10 21:40:52.882223 2016] [ssl:warn] [pid 6044:tid 568] AH01909: www.example.com:443:0 server certificate does NOT include an ID which matches the server name
[Sun Jul 10 21:40:53.006024 2016] [ssl:warn] [pid 6044:tid 568] AH01909: www.example.com:443:0 server certificate does NOT include an ID which matches the server name
[Sun Jul 10 21:40:53.033042 2016] [mpm_winnt:notice] [pid 6044:tid 568] AH00354: Child: Starting 150 worker threads.
[Mon Jul 11 10:11:33.019151 2016] [ssl:warn] [pid 10548:tid 576] AH01909: www.example.com:443:0 server certificate does NOT include an ID which matches the server name
[Mon Jul 11 10:11:33.135743 2016] [core:warn] [pid 10548:tid 576] AH00098: pid file D:/xampp/apache/logs/httpd.pid overwritten -- Unclean shutdown of previous Apache run?
[Mon Jul 11 10:11:33.449524 2016] [ssl:warn] [pid 10548:tid 576] AH01909: www.example.com:443:0 server certificate does NOT include an ID which matches the server name
[Mon Jul 11 10:11:33.520576 2016] [mpm_winnt:notice] [pid 10548:tid 576] AH00455: Apache/2.4.17 (Win32) OpenSSL/1.0.2d PHP/5.6.21 configured -- resuming normal operations
[Mon Jul 11 10:11:33.520576 2016] [mpm_winnt:notice] [pid 10548:tid 576] AH00456: Apache Lounge VC11 Server built: Oct 13 2015 10:54:13
[Mon Jul 11 10:11:33.520576 2016] [core:notice] [pid 10548:tid 576] AH00094: Command line: 'd:\\xampp\\apache\\bin\\httpd.exe -d D:/xampp/apache'
[Mon Jul 11 10:11:33.523578 2016] [mpm_winnt:notice] [pid 10548:tid 576] AH00418: Parent: Created child process 8160
[Mon Jul 11 10:11:35.087742 2016] [ssl:warn] [pid 8160:tid 524] AH01909: www.example.com:443:0 server certificate does NOT include an ID which matches the server name
[Mon Jul 11 10:11:35.484073 2016] [ssl:warn] [pid 8160:tid 524] AH01909: www.example.com:443:0 server certificate does NOT include an ID which matches the server name
[Mon Jul 11 10:11:35.586974 2016] [mpm_winnt:notice] [pid 8160:tid 524] AH00354: Child: Starting 150 worker threads.
