[ 2016-07-08T09:21:59+08:00 ] ::1 /index.php?g=Admin&m=public&a=dologin
INFO: [ app_begin ] --START--
INFO: Run Behavior\ReadHtmlCacheBehavior [ RunTime:0.000808s ]
INFO: Run Behavior\CheckLangBehavior [ RunTime:0.001660s ]
INFO: [ app_begin ] --END-- [ RunTime:0.002978s ]
SQL: SHOW COLUMNS FROM `chen_users` [ RunTime:0.0115s ]
SQL: SELECT * FROM `chen_users` WHERE `user_email` = 'bycr@bupt.edu.cn' LIMIT 1   [ RunTime:0.0005s ]
SQL: SHOW COLUMNS FROM `chen_role_user` [ RunTime:0.0070s ]
SQL: SELECT `role_id` FROM chen_role_user a INNER JOIN chen_role as b on a.role_id =b.id  WHERE `user_id` = '2' AND `status` = 1  [ RunTime:0.0004s ]
SQL: UPDATE `chen_users` SET `user_login`='allen',`user_pass`='###16612a3410af0843d81c51be0fe06470',`user_nicename`='',`user_email`='bycr@bupt.edu.cn',`user_url`='',`avatar`=NULL,`sex`='0',`birthday`=NULL,`signature`=NULL,`last_login_ip`='0.0.0.0',`last_login_time`='2016-07-08 09:21:59',`create_time`='2016-06-26 13:57:59',`user_activation_key`='beb9d59c62b8b06fd8913d8d32b5e512',`user_status`='1',`score`='0',`user_type`='1',`coin`='0',`mobile`='' WHERE `id` = '2' [ RunTime:0.0004s ]

[ 2016-07-08T09:45:44+08:00 ] ::1 /index.php?g=Admin&m=public&a=dologin
INFO: [ app_begin ] --START--
INFO: Run Behavior\ReadHtmlCacheBehavior [ RunTime:0.000652s ]
INFO: Run Behavior\CheckLangBehavior [ RunTime:0.001306s ]
INFO: [ app_begin ] --END-- [ RunTime:0.002478s ]

[ 2016-07-08T09:45:49+08:00 ] ::1 /index.php?g=Admin&m=public&a=dologin
INFO: [ app_begin ] --START--
INFO: Run Behavior\ReadHtmlCacheBehavior [ RunTime:0.000681s ]
INFO: Run Behavior\CheckLangBehavior [ RunTime:0.001323s ]
INFO: [ app_begin ] --END-- [ RunTime:0.002524s ]
SQL: SHOW COLUMNS FROM `chen_users` [ RunTime:0.0113s ]
SQL: SELECT * FROM `chen_users` WHERE `user_email` = '616312748@qq.com' LIMIT 1   [ RunTime:0.0005s ]
SQL: SHOW COLUMNS FROM `chen_role_user` [ RunTime:0.0071s ]
SQL: SELECT `role_id` FROM chen_role_user a INNER JOIN chen_role as b on a.role_id =b.id  WHERE `user_id` = '1' AND `status` = 1  [ RunTime:0.0004s ]
SQL: UPDATE `chen_users` SET `user_login`='admin',`user_pass`='###2b253743b55e011e568a72653f8a9da8',`user_nicename`='陈睿',`user_email`='616312748@qq.com',`user_url`='',`avatar`=NULL,`sex`='1',`birthday`='1994-07-01',`signature`='码农最光荣！',`last_login_ip`='0.0.0.0',`last_login_time`='2016-07-08 09:45:49',`create_time`='2016-06-26 11:35:52',`user_activation_key`='3ff15932f2063de0e20deca68e0cc959',`user_status`='1',`score`='0',`user_type`='1',`coin`='0',`mobile`='' WHERE `id` = '1' [ RunTime:0.0004s ]

[ 2016-07-08T11:37:27+08:00 ] ::1 /index.php?g=Admin&m=route&a=index
NOTIC: D方法实例化没找到模型类Common\Model\RouteModel

[ 2016-07-08T11:37:31+08:00 ] ::1 /index.php?g=Admin&m=route&a=add
NOTIC: D方法实例化没找到模型类Common\Model\RouteModel

